# JRE version: OpenJDK Runtime Environment (8.0_242-b01) (build 1.8.0_242-release-1644-b01)
# Java VM: OpenJDK 64-Bit Server VM (25.242-b01 mixed mode windows-amd64 compressed oops)
Heap:
 PSYoungGen      total 152576K, used 33242K [0x00000000d5580000, 0x00000000dff80000, 0x0000000100000000)
  eden space 131072K, 25% used [0x00000000d5580000,0x00000000d75f6970,0x00000000dd580000)
  from space 21504K, 0% used [0x00000000dea80000,0x00000000dea80000,0x00000000dff80000)
  to   space 21504K, 0% used [0x00000000dd580000,0x00000000dd580000,0x00000000dea80000)
 ParOldGen       total 209408K, used 13414K [0x0000000080000000, 0x000000008cc80000, 0x00000000d5580000)
  object space 209408K, 6% used [0x0000000080000000,0x0000000080d198c0,0x000000008cc80000)
 Metaspace       used 22652K, capacity 23338K, committed 23472K, reserved 1069056K
  class space    used 3216K, capacity 3447K, committed 3504K, reserved 1048576K
GC Heap History (6 events):
Event: 1.983 GC heap before
{Heap before GC invocations=1 (full 0):
 PSYoungGen      total 152576K, used 131072K [0x00000000d5580000, 0x00000000dff80000, 0x0000000100000000)
  eden space 131072K, 100% used [0x00000000d5580000,0x00000000dd580000,0x00000000dd580000)
  from space 21504K, 0% used [0x00000000dea80000,0x00000000dea80000,0x00000000dff80000)
  to   space 21504K, 0% used [0x00000000dd580000,0x00000000dd580000,0x00000000dea80000)
 ParOldGen       total 348160K, used 0K [0x0000000080000000, 0x0000000095400000, 0x00000000d5580000)
  object space 348160K, 0% used [0x0000000080000000,0x0000000080000000,0x0000000095400000)
 Metaspace       used 12884K, capacity 13220K, committed 13440K, reserved 1060864K
  class space    used 1758K, capacity 1886K, committed 1920K, reserved 1048576K
Event: 1.994 GC heap after
Heap after GC invocations=1 (full 0):
 PSYoungGen      total 152576K, used 10492K [0x00000000d5580000, 0x00000000dff80000, 0x0000000100000000)
  eden space 131072K, 0% used [0x00000000d5580000,0x00000000d5580000,0x00000000dd580000)
  from space 21504K, 48% used [0x00000000dd580000,0x00000000ddfbf048,0x00000000dea80000)
  to   space 21504K, 0% used [0x00000000dea80000,0x00000000dea80000,0x00000000dff80000)
 ParOldGen       total 348160K, used 16K [0x0000000080000000, 0x0000000095400000, 0x00000000d5580000)
  object space 348160K, 0% used [0x0000000080000000,0x0000000080004000,0x0000000095400000)
 Metaspace       used 12884K, capacity 13220K, committed 13440K, reserved 1060864K
  class space    used 1758K, capacity 1886K, committed 1920K, reserved 1048576K
}
Event: 2.803 GC heap before
{Heap before GC invocations=2 (full 0):
 PSYoungGen      total 152576K, used 102749K [0x00000000d5580000, 0x00000000dff80000, 0x0000000100000000)
  eden space 131072K, 70% used [0x00000000d5580000,0x00000000daf985d8,0x00000000dd580000)
  from space 21504K, 48% used [0x00000000dd580000,0x00000000ddfbf048,0x00000000dea80000)
  to   space 21504K, 0% used [0x00000000dea80000,0x00000000dea80000,0x00000000dff80000)
 ParOldGen       total 348160K, used 16K [0x0000000080000000, 0x0000000095400000, 0x00000000d5580000)
  object space 348160K, 0% used [0x0000000080000000,0x0000000080004000,0x0000000095400000)
 Metaspace       used 20673K, capacity 21260K, committed 21296K, reserved 1067008K
  class space    used 2897K, capacity 3116K, committed 3120K, reserved 1048576K
Event: 2.821 GC heap after
Heap after GC invocations=2 (full 0):
 PSYoungGen      total 152576K, used 14042K [0x00000000d5580000, 0x00000000dff80000, 0x0000000100000000)
  eden space 131072K, 0% used [0x00000000d5580000,0x00000000d5580000,0x00000000dd580000)
  from space 21504K, 65% used [0x00000000dea80000,0x00000000df836890,0x00000000dff80000)
  to   space 21504K, 0% used [0x00000000dd580000,0x00000000dd580000,0x00000000dea80000)
 ParOldGen       total 348160K, used 24K [0x0000000080000000, 0x0000000095400000, 0x00000000d5580000)
  object space 348160K, 0% used [0x0000000080000000,0x0000000080006000,0x0000000095400000)
 Metaspace       used 20673K, capacity 21260K, committed 21296K, reserved 1067008K
  class space    used 2897K, capacity 3116K, committed 3120K, reserved 1048576K
}
Event: 2.821 GC heap before
{Heap before GC invocations=3 (full 1):
 PSYoungGen      total 152576K, used 14042K [0x00000000d5580000, 0x00000000dff80000, 0x0000000100000000)
  eden space 131072K, 0% used [0x00000000d5580000,0x00000000d5580000,0x00000000dd580000)
  from space 21504K, 65% used [0x00000000dea80000,0x00000000df836890,0x00000000dff80000)
  to   space 21504K, 0% used [0x00000000dd580000,0x00000000dd580000,0x00000000dea80000)
 ParOldGen       total 348160K, used 24K [0x0000000080000000, 0x0000000095400000, 0x00000000d5580000)
  object space 348160K, 0% used [0x0000000080000000,0x0000000080006000,0x0000000095400000)
 Metaspace       used 20673K, capacity 21260K, committed 21296K, reserved 1067008K
  class space    used 2897K, capacity 3116K, committed 3120K, reserved 1048576K
Event: 2.859 GC heap after
Heap after GC invocations=3 (full 1):
 PSYoungGen      total 152576K, used 0K [0x00000000d5580000, 0x00000000dff80000, 0x0000000100000000)
  eden space 131072K, 0% used [0x00000000d5580000,0x00000000d5580000,0x00000000dd580000)
  from space 21504K, 0% used [0x00000000dea80000,0x00000000dea80000,0x00000000dff80000)
  to   space 21504K, 0% used [0x00000000dd580000,0x00000000dd580000,0x00000000dea80000)
 ParOldGen       total 209408K, used 13414K [0x0000000080000000, 0x000000008cc80000, 0x00000000d5580000)
  object space 209408K, 6% used [0x0000000080000000,0x0000000080d198c0,0x000000008cc80000)
 Metaspace       used 20673K, capacity 21260K, committed 21296K, reserved 1067008K
  class space    used 2897K, capacity 3116K, committed 3120K, reserved 1048576K
}

